Using pre-set license
Built from '2021.1/staging' branch; Version is '2021.1.13f1 (a03098edbbe0) revision 10498200'; Using compiler version '192528614'; Build Type 'Release'
OS: 'Windows 10 Home; OS build 19043.1081; Version 2009; 64bit' Language: 'en' Physical Memory: 32589 MB
BatchMode: 1, IsHumanControllingUs: 0, StartBugReporterOnCrash: 0, Is64bit: 1, IsPro: 0

 COMMAND LINE ARGUMENTS:
C:\Program Files\Unity\Hub\Editor\2021.1.13f1\Editor\Unity.exe
-adb2
-batchMode
-noUpm
-name
AssetImportWorker0
-projectPath
D:/Unity_Projects/TheBaseSystem
-logFile
Logs/AssetImportWorker0.log
-srvPort
59243
Successfully changed project path to: D:/Unity_Projects/TheBaseSystem
D:/Unity_Projects/TheBaseSystem
Using Asset Import Pipeline V2.
Refreshing native plugins compatible for Editor in 258.81 ms, found 4 plugins.
Preloading 0 native plugins for Editor in 0.00 ms.
Initialize engine version: 2021.1.13f1 (a03098edbbe0)
[Subsystems] Discovering subsystems at path C:/Program Files/Unity/Hub/Editor/2021.1.13f1/Editor/Data/Resources/UnitySubsystems
[Subsystems] Discovering subsystems at path D:/Unity_Projects/TheBaseSystem/Assets
GfxDevice: creating device client; threaded=0; jobified=0
Direct3D:
    Version:  Direct3D 11.0 [level 11.1]
    Renderer: NVIDIA GeForce RTX 2070 (ID=0x1f14)
    Vendor:   NVIDIA
    VRAM:     8031 MB
    Driver:   30.0.14.7111
Initialize mono
Mono path[0] = 'C:/Program Files/Unity/Hub/Editor/2021.1.13f1/Editor/Data/Managed'
Mono path[1] = 'C:/Program Files/Unity/Hub/Editor/2021.1.13f1/Editor/Data/MonoBleedingEdge/lib/mono/unityjit'
Mono config path = 'C:/Program Files/Unity/Hub/Editor/2021.1.13f1/Editor/Data/MonoBleedingEdge/etc'
Using monoOptions --debugger-agent=transport=dt_socket,embedding=1,server=y,suspend=n,address=127.0.0.1:56368
Begin MonoManager ReloadAssembly
Registering precompiled unity dll's ...
Register platform support module: C:/Program Files/Unity/Hub/Editor/2021.1.13f1/Editor/Data/PlaybackEngines/WindowsStandaloneSupport/UnityEditor.WindowsStandalone.Extensions.dll
Registered in 0.098464 seconds.
Native extension for WindowsStandalone target not found
Refreshing native plugins compatible for Editor in 90.43 ms, found 4 plugins.
Preloading 0 native plugins for Editor in 0.00 ms.
Mono: successfully reloaded assembly
- Completed reload, in  3.353 seconds
Domain Reload Profiling:
	ReloadAssembly (3353ms)
		BeginReloadAssembly (1992ms)
			ExecutionOrderSort (0ms)
			DisableScriptedObjects (0ms)
			BackupInstance (0ms)
			ReleaseScriptingObjects (0ms)
			CreateAndSetChildDomain (1ms)
		EndReloadAssembly (641ms)
			LoadAssemblies (1990ms)
			RebuildTransferFunctionScriptingTraits (0ms)
			SetupTypeCache (362ms)
			ReleaseScriptCaches (0ms)
			RebuildScriptCaches (26ms)
			SetupLoadedEditorAssemblies (213ms)
				LogAssemblyErrors (0ms)
				InitializePlatformSupportModulesInManaged (5ms)
				SetLoadedEditorAssemblies (0ms)
				RefreshPlugins (90ms)
				BeforeProcessingInitializeOnLoad (1ms)
				ProcessInitializeOnLoadAttributes (86ms)
				ProcessInitializeOnLoadMethodAttributes (30ms)
				AfterProcessingInitializeOnLoad (0ms)
				EditorAssembliesLoaded (0ms)
			ExecutionOrderSort2 (0ms)
			AwakeInstancesAfterBackupRestoration (0ms)
Platform modules already initialized, skipping
Registering precompiled user dll's ...
Registered in 0.517031 seconds.
Begin MonoManager ReloadAssembly
Symbol file LoadedFromMemory doesn't match image D:\Unity_Projects\TheBaseSystem\Library\PackageCache\com.unity.visualscripting@1.6.1\Editor\VisualScripting.Core\Dependencies\YamlDotNet\Unity.VisualScripting.YamlDotNet.dll
Symbol file LoadedFromMemory doesn't match image D:\Unity_Projects\TheBaseSystem\Library\PackageCache\com.unity.visualscripting@1.6.1\Editor\VisualScripting.Core\Dependencies\DotNetZip\Unity.VisualScripting.IonicZip.dll
Native extension for WindowsStandalone target not found
Refreshing native plugins compatible for Editor in 83.49 ms, found 4 plugins.
Preloading 0 native plugins for Editor in 0.00 ms.
Mono: successfully reloaded assembly
- Completed reload, in  3.988 seconds
Domain Reload Profiling:
	ReloadAssembly (3988ms)
		BeginReloadAssembly (118ms)
			ExecutionOrderSort (0ms)
			DisableScriptedObjects (4ms)
			BackupInstance (0ms)
			ReleaseScriptingObjects (0ms)
			CreateAndSetChildDomain (16ms)
		EndReloadAssembly (3820ms)
			LoadAssemblies (2436ms)
			RebuildTransferFunctionScriptingTraits (0ms)
			SetupTypeCache (751ms)
			ReleaseScriptCaches (1ms)
			RebuildScriptCaches (46ms)
			SetupLoadedEditorAssemblies (501ms)
				LogAssemblyErrors (0ms)
				InitializePlatformSupportModulesInManaged (3ms)
				SetLoadedEditorAssemblies (0ms)
				RefreshPlugins (84ms)
				BeforeProcessingInitializeOnLoad (71ms)
				ProcessInitializeOnLoadAttributes (326ms)
				ProcessInitializeOnLoadMethodAttributes (12ms)
				AfterProcessingInitializeOnLoad (5ms)
				EditorAssembliesLoaded (0ms)
			ExecutionOrderSort2 (0ms)
			AwakeInstancesAfterBackupRestoration (5ms)
Platform modules already initialized, skipping
========================================================================
Worker process is ready to serve import requests
Launched and connected shader compiler UnityShaderCompiler.exe after 0.05 seconds
Refreshing native plugins compatible for Editor in 0.69 ms, found 4 plugins.
Preloading 0 native plugins for Editor in 0.00 ms.
Unloading 3789 Unused Serialized files (Serialized files now loaded: 0)
System memory in use before: 145.0 MB.
System memory in use after: 145.2 MB.

Unloading 32 unused Assets to reduce memory usage. Loaded Objects now: 4240.
Total: 2.620500 ms (FindLiveObjects: 0.246900 ms CreateObjectMapping: 0.190700 ms MarkObjects: 2.087800 ms  DeleteObjects: 0.094400 ms)

AssetImportParameters requested are different than current active one (requested -> active):
  custom:framework-win-MediaFoundation: 216162199b28c13a410421893ffa2e32 -> 
  custom:video-decoder-ogg-theora: a1e56fd34408186e4bbccfd4996cb3dc -> 
  custom:container-muxer-webm: aa71ff27fc2769a1b78a27578f13a17b -> 
  custom:container-demuxer-webm: 4f35f7cbe854078d1ac9338744f61a02 -> 
  custom:container-demuxer-ogg: 62fdf1f143b41e24485cea50d1cbac27 -> 
  custom:video-encoder-webm-vp8: eb34c28f22e8b96e1ab97ce403110664 -> 
  custom:video-decoder-webm-vp8: 9c59270c3fd7afecdb556c50c9e8de78 -> 
  custom:audio-decoder-ogg-vorbis: bf7c407c2cedff20999df2af8eb42d56 -> 
  custom:audio-encoder-webm-vorbis: bf7c407c2cedff20999df2af8eb42d56 -> 
========================================================================
Received Import Request.
  path: Assets/uipack-space
  artifactKey: Guid(30c739ac9f85d804a991211f0d0da98b) Importer(815301076,1909f56bfc062723c751e8b465ee728b)
Start importing Assets/uipack-space using Guid(30c739ac9f85d804a991211f0d0da98b) Importer(815301076,1909f56bfc062723c751e8b465ee728b)  -> (artifact id: '15532cd31da2e7bab11defdb195884d3') in 0.008870 seconds 
========================================================================
Received Import Request.
  Time since last request: 2.159633 seconds.
  path: Assets/uipack-space/preview.png
  artifactKey: Guid(968a81c3fb68c204cae21358047a6321) Importer(815301076,1909f56bfc062723c751e8b465ee728b)
Start importing Assets/uipack-space/preview.png using Guid(968a81c3fb68c204cae21358047a6321) Importer(815301076,1909f56bfc062723c751e8b465ee728b)  -> (artifact id: 'cd0ac2dc97cc621aa9e86437dbd9828f') in 0.107581 seconds 
========================================================================
Received Import Request.
  Time since last request: 0.000112 seconds.
  path: Assets/uipack-space/sample.png
  artifactKey: Guid(27e6f052052d19d41a82f100f02579f2) Importer(815301076,1909f56bfc062723c751e8b465ee728b)
Start importing Assets/uipack-space/sample.png using Guid(27e6f052052d19d41a82f100f02579f2) Importer(815301076,1909f56bfc062723c751e8b465ee728b)  -> (artifact id: 'b202f1cfba744c6ad0e54af2ca2f366e') in 0.028629 seconds 
========================================================================
Received Import Request.
  Time since last request: 12.890473 seconds.
  path: Assets/Sci-Fi UI/_SciFi_GUISkin_/atlas.png
  artifactKey: Guid(56d84991286850f428b4e7df0cca7380) Importer(815301076,1909f56bfc062723c751e8b465ee728b)
Start importing Assets/Sci-Fi UI/_SciFi_GUISkin_/atlas.png using Guid(56d84991286850f428b4e7df0cca7380) Importer(815301076,1909f56bfc062723c751e8b465ee728b)  -> (artifact id: '83b4fb466aad9e2923e2e72e10a743bb') in 0.068575 seconds 
========================================================================
Received Import Request.
  Time since last request: 0.000149 seconds.
  path: Assets/Sci-Fi UI/_SciFi_GUISkin_/SciFi_Skin.guiskin
  artifactKey: Guid(9705c0e7595e14d42bcd9e476468d8d7) Importer(815301076,1909f56bfc062723c751e8b465ee728b)
Start importing Assets/Sci-Fi UI/_SciFi_GUISkin_/SciFi_Skin.guiskin using Guid(9705c0e7595e14d42bcd9e476468d8d7) Importer(815301076,1909f56bfc062723c751e8b465ee728b)  -> (artifact id: 'ff7753ce112aa442a8b459173427abfc') in 0.013141 seconds 
========================================================================
Received Import Request.
  Time since last request: 8.666932 seconds.
  path: Assets/CircleSprite.png
  artifactKey: Guid(564eb746f4ebed74d8ecddcd62c7cb1a) Importer(815301076,1909f56bfc062723c751e8b465ee728b)
Start importing Assets/CircleSprite.png using Guid(564eb746f4ebed74d8ecddcd62c7cb1a) Importer(815301076,1909f56bfc062723c751e8b465ee728b)  -> (artifact id: '681b7e743348c7f329a83a5a696ac3e2') in 0.027279 seconds 
========================================================================
Received Prepare
Registering precompiled user dll's ...
Registered in 0.003282 seconds.
Begin MonoManager ReloadAssembly
Symbol file LoadedFromMemory doesn't match image D:\Unity_Projects\TheBaseSystem\Library\PackageCache\com.unity.visualscripting@1.6.1\Editor\VisualScripting.Core\Dependencies\YamlDotNet\Unity.VisualScripting.YamlDotNet.dll
Symbol file LoadedFromMemory doesn't match image D:\Unity_Projects\TheBaseSystem\Library\PackageCache\com.unity.visualscripting@1.6.1\Editor\VisualScripting.Core\Dependencies\DotNetZip\Unity.VisualScripting.IonicZip.dll
Native extension for WindowsStandalone target not found
Refreshing native plugins compatible for Editor in 0.72 ms, found 4 plugins.
Preloading 0 native plugins for Editor in 0.00 ms.
Mono: successfully reloaded assembly
- Completed reload, in  1.145 seconds
Domain Reload Profiling:
	ReloadAssembly (1145ms)
		BeginReloadAssembly (112ms)
			ExecutionOrderSort (0ms)
			DisableScriptedObjects (6ms)
			BackupInstance (0ms)
			ReleaseScriptingObjects (0ms)
			CreateAndSetChildDomain (37ms)
		EndReloadAssembly (979ms)
			LoadAssemblies (76ms)
			RebuildTransferFunctionScriptingTraits (0ms)
			SetupTypeCache (329ms)
			ReleaseScriptCaches (1ms)
			RebuildScriptCaches (36ms)
			SetupLoadedEditorAssemblies (428ms)
				LogAssemblyErrors (0ms)
				InitializePlatformSupportModulesInManaged (4ms)
				SetLoadedEditorAssemblies (0ms)
				RefreshPlugins (1ms)
				BeforeProcessingInitializeOnLoad (88ms)
				ProcessInitializeOnLoadAttributes (320ms)
				ProcessInitializeOnLoadMethodAttributes (8ms)
				AfterProcessingInitializeOnLoad (6ms)
				EditorAssembliesLoaded (0ms)
			ExecutionOrderSort2 (0ms)
			AwakeInstancesAfterBackupRestoration (14ms)
Platform modules already initialized, skipping
Refreshing native plugins compatible for Editor in 0.69 ms, found 4 plugins.
Preloading 0 native plugins for Editor in 0.00 ms.
Unloading 3755 Unused Serialized files (Serialized files now loaded: 0)
System memory in use before: 150.5 MB.
System memory in use after: 150.8 MB.

Unloading 20 unused Assets to reduce memory usage. Loaded Objects now: 4350.
Total: 3.603300 ms (FindLiveObjects: 0.407700 ms CreateObjectMapping: 0.411500 ms MarkObjects: 2.760400 ms  DeleteObjects: 0.022600 ms)

AssetImportParameters requested are different than current active one (requested -> active):
  custom:framework-win-MediaFoundation: 216162199b28c13a410421893ffa2e32 -> 
  custom:video-decoder-ogg-theora: a1e56fd34408186e4bbccfd4996cb3dc -> 
  custom:container-muxer-webm: aa71ff27fc2769a1b78a27578f13a17b -> 
  custom:container-demuxer-webm: 4f35f7cbe854078d1ac9338744f61a02 -> 
  custom:container-demuxer-ogg: 62fdf1f143b41e24485cea50d1cbac27 -> 
  custom:video-encoder-webm-vp8: eb34c28f22e8b96e1ab97ce403110664 -> 
  custom:video-decoder-webm-vp8: 9c59270c3fd7afecdb556c50c9e8de78 -> 
  custom:audio-decoder-ogg-vorbis: bf7c407c2cedff20999df2af8eb42d56 -> 
  custom:audio-encoder-webm-vorbis: bf7c407c2cedff20999df2af8eb42d56 -> 
========================================================================
Received Import Request.
  Time since last request: 127.147079 seconds.
  path: Assets/outer-space-163458_1280.jpg
  artifactKey: Guid(188094d230b8a6c4fb2b0396017f8319) Importer(815301076,1909f56bfc062723c751e8b465ee728b)
Start importing Assets/outer-space-163458_1280.jpg using Guid(188094d230b8a6c4fb2b0396017f8319) Importer(815301076,1909f56bfc062723c751e8b465ee728b)  -> (artifact id: 'b20fea8b97cd9f0127bdc874497f1a56') in 0.058709 seconds 
========================================================================
Received Import Request.
  Time since last request: 863.391993 seconds.
  path: Assets
  artifactKey: Guid(00000000000000001000000000000000) Importer(815301076,1909f56bfc062723c751e8b465ee728b)
Start importing Assets using Guid(00000000000000001000000000000000) Importer(815301076,1909f56bfc062723c751e8b465ee728b)  -> (artifact id: '42d402b061de3733987d63b9cc3b64de') in 0.007252 seconds 
========================================================================
Received Import Request.
  Time since last request: 28.932509 seconds.
  path: Assets/New Render Texture.renderTexture
  artifactKey: Guid(5282ae3947d0e714285e23eda67d1cca) Importer(815301076,1909f56bfc062723c751e8b465ee728b)
Start importing Assets/New Render Texture.renderTexture using Guid(5282ae3947d0e714285e23eda67d1cca) Importer(815301076,1909f56bfc062723c751e8b465ee728b)  -> (artifact id: '276a8a958825b94c20506b1bd22f85e4') in 0.022313 seconds 
========================================================================
Received Import Request.
  Time since last request: 157.258772 seconds.
  path: Assets/kenney_fontpackage/Fonts/Kenney Pixel Square.ttf
  artifactKey: Guid(d6e0d3b83cfc2d943a308763f4ddb1e8) Importer(815301076,1909f56bfc062723c751e8b465ee728b)
Start importing Assets/kenney_fontpackage/Fonts/Kenney Pixel Square.ttf using Guid(d6e0d3b83cfc2d943a308763f4ddb1e8) Importer(815301076,1909f56bfc062723c751e8b465ee728b)  -> (artifact id: 'bac3d9b1a8c4f6893683e258789f971e') in 0.050998 seconds 
========================================================================
Received Import Request.
  Time since last request: 0.000165 seconds.
  path: Assets/kenney_fontpackage/Fonts/Kenney Pixel.ttf
  artifactKey: Guid(9a474e3110823184695805789ee8a933) Importer(815301076,1909f56bfc062723c751e8b465ee728b)
Start importing Assets/kenney_fontpackage/Fonts/Kenney Pixel.ttf using Guid(9a474e3110823184695805789ee8a933) Importer(815301076,1909f56bfc062723c751e8b465ee728b)  -> (artifact id: '62093663e934af1954c2a6f338ddf1e9') in 0.019174 seconds 
========================================================================
Received Import Request.
  Time since last request: 0.000165 seconds.
  path: Assets/uipack-space/Fonts/kenvector_future_thin.ttf
  artifactKey: Guid(c6dcfd950366afe47932b1d15c827d8b) Importer(815301076,1909f56bfc062723c751e8b465ee728b)
Start importing Assets/uipack-space/Fonts/kenvector_future_thin.ttf using Guid(c6dcfd950366afe47932b1d15c827d8b) Importer(815301076,1909f56bfc062723c751e8b465ee728b)  -> (artifact id: 'de64d7f74e55b27b39c12a6c9450b9f7') in 0.019141 seconds 
========================================================================
Received Import Request.
  Time since last request: 0.000155 seconds.
  path: Assets/uipack-space/Fonts/kenvector_future.ttf
  artifactKey: Guid(31fd41258b51c7048861f39bf77f5e3f) Importer(815301076,1909f56bfc062723c751e8b465ee728b)
Start importing Assets/uipack-space/Fonts/kenvector_future.ttf using Guid(31fd41258b51c7048861f39bf77f5e3f) Importer(815301076,1909f56bfc062723c751e8b465ee728b)  -> (artifact id: '021571537e70959c102a5ed6131fba2b') in 0.019051 seconds 
========================================================================
Received Import Request.
  Time since last request: 0.000168 seconds.
  path: Assets/kenney_fontpackage/Fonts/Kenney Rocket Square.ttf
  artifactKey: Guid(83b7efa08d68e48409daa6a751ff3ede) Importer(815301076,1909f56bfc062723c751e8b465ee728b)
Start importing Assets/kenney_fontpackage/Fonts/Kenney Rocket Square.ttf using Guid(83b7efa08d68e48409daa6a751ff3ede) Importer(815301076,1909f56bfc062723c751e8b465ee728b)  -> (artifact id: 'a628d7719d641155254c4d06f93284fa') in 0.019911 seconds 
========================================================================
Received Import Request.
  Time since last request: 0.000255 seconds.
  path: Assets/kenney_fontpackage/Fonts/Kenney Rocket.ttf
  artifactKey: Guid(c9a8f198a476f65439a5ac001062bb40) Importer(815301076,1909f56bfc062723c751e8b465ee728b)
Start importing Assets/kenney_fontpackage/Fonts/Kenney Rocket.ttf using Guid(c9a8f198a476f65439a5ac001062bb40) Importer(815301076,1909f56bfc062723c751e8b465ee728b)  -> (artifact id: '79cfc6186012d7349bf2e87da6436acb') in 0.019826 seconds 
========================================================================
Received Import Request.
  Time since last request: 7.042465 seconds.
  path: Assets/kenney_fontpackage/Fonts/Kenney Blocks.ttf
  artifactKey: Guid(35cbdc2b8558fa04e9b036eb58137078) Importer(815301076,1909f56bfc062723c751e8b465ee728b)
Start importing Assets/kenney_fontpackage/Fonts/Kenney Blocks.ttf using Guid(35cbdc2b8558fa04e9b036eb58137078) Importer(815301076,1909f56bfc062723c751e8b465ee728b)  -> (artifact id: '92fdc785268697bf89d05500fa60a83a') in 0.018691 seconds 
========================================================================
Received Import Request.
  Time since last request: 0.000364 seconds.
  path: Assets/kenney_fontpackage/Fonts/Kenney Future Narrow.ttf
  artifactKey: Guid(0f9e95de2d51d72469e2d5a170c80e41) Importer(815301076,1909f56bfc062723c751e8b465ee728b)
Start importing Assets/kenney_fontpackage/Fonts/Kenney Future Narrow.ttf using Guid(0f9e95de2d51d72469e2d5a170c80e41) Importer(815301076,1909f56bfc062723c751e8b465ee728b)  -> (artifact id: '93db3a966825177899f8a64ad7de7439') in 0.019996 seconds 
========================================================================
Received Import Request.
  Time since last request: 0.000278 seconds.
  path: Assets/kenney_fontpackage/Fonts/Kenney Future.ttf
  artifactKey: Guid(0d48c0982fbae5e418be88d265ff66c3) Importer(815301076,1909f56bfc062723c751e8b465ee728b)
Start importing Assets/kenney_fontpackage/Fonts/Kenney Future.ttf using Guid(0d48c0982fbae5e418be88d265ff66c3) Importer(815301076,1909f56bfc062723c751e8b465ee728b)  -> (artifact id: '79d269987599cb744221dc8e0dd29918') in 0.013482 seconds 
========================================================================
Received Import Request.
  Time since last request: 0.000219 seconds.
  path: Assets/kenney_fontpackage/Fonts/Kenney High.ttf
  artifactKey: Guid(e53799e0c5df84446b8b852babf755da) Importer(815301076,1909f56bfc062723c751e8b465ee728b)
Start importing Assets/kenney_fontpackage/Fonts/Kenney High.ttf using Guid(e53799e0c5df84446b8b852babf755da) Importer(815301076,1909f56bfc062723c751e8b465ee728b)  -> (artifact id: '522635fdf601d15d36925818d0807e36') in 0.019630 seconds 
========================================================================
Received Import Request.
  Time since last request: 0.000205 seconds.
  path: Assets/kenney_fontpackage/Fonts/Kenney Mini.ttf
  artifactKey: Guid(4abe1c873cad3e84d9245c62fd560c04) Importer(815301076,1909f56bfc062723c751e8b465ee728b)
Start importing Assets/kenney_fontpackage/Fonts/Kenney Mini.ttf using Guid(4abe1c873cad3e84d9245c62fd560c04) Importer(815301076,1909f56bfc062723c751e8b465ee728b)  -> (artifact id: '9c970f6ee7b16cf00b0bc13072d3e1c1') in 0.019500 seconds 
========================================================================
Received Import Request.
  Time since last request: 0.000214 seconds.
  path: Assets/kenney_fontpackage/Fonts/Kenney High Square.ttf
  artifactKey: Guid(2b9b56ba076b7ff48b80edce98d1518e) Importer(815301076,1909f56bfc062723c751e8b465ee728b)
Start importing Assets/kenney_fontpackage/Fonts/Kenney High Square.ttf using Guid(2b9b56ba076b7ff48b80edce98d1518e) Importer(815301076,1909f56bfc062723c751e8b465ee728b)  -> (artifact id: '72bb68fb7063a802b18a2a7f4dbd5374') in 0.017196 seconds 
========================================================================
Received Import Request.
  Time since last request: 0.000246 seconds.
  path: Assets/kenney_fontpackage/Fonts/Kenney Mini Square.ttf
  artifactKey: Guid(252754a4de931d9468cb211de78b3f9a) Importer(815301076,1909f56bfc062723c751e8b465ee728b)
Start importing Assets/kenney_fontpackage/Fonts/Kenney Mini Square.ttf using Guid(252754a4de931d9468cb211de78b3f9a) Importer(815301076,1909f56bfc062723c751e8b465ee728b)  -> (artifact id: '8f667eef6a26a13bd86fa233b7acfd39') in 0.019747 seconds 
========================================================================
Received Prepare
Registering precompiled user dll's ...
Registered in 0.002833 seconds.
Begin MonoManager ReloadAssembly
Symbol file LoadedFromMemory doesn't match image D:\Unity_Projects\TheBaseSystem\Library\PackageCache\com.unity.visualscripting@1.6.1\Editor\VisualScripting.Core\Dependencies\YamlDotNet\Unity.VisualScripting.YamlDotNet.dll
Symbol file LoadedFromMemory doesn't match image D:\Unity_Projects\TheBaseSystem\Library\PackageCache\com.unity.visualscripting@1.6.1\Editor\VisualScripting.Core\Dependencies\DotNetZip\Unity.VisualScripting.IonicZip.dll
Native extension for WindowsStandalone target not found
Refreshing native plugins compatible for Editor in 0.69 ms, found 4 plugins.
Preloading 0 native plugins for Editor in 0.00 ms.
Mono: successfully reloaded assembly
- Completed reload, in  0.898 seconds
Domain Reload Profiling:
	ReloadAssembly (898ms)
		BeginReloadAssembly (96ms)
			ExecutionOrderSort (0ms)
			DisableScriptedObjects (6ms)
			BackupInstance (0ms)
			ReleaseScriptingObjects (0ms)
			CreateAndSetChildDomain (34ms)
		EndReloadAssembly (752ms)
			LoadAssemblies (69ms)
			RebuildTransferFunctionScriptingTraits (0ms)
			SetupTypeCache (290ms)
			ReleaseScriptCaches (1ms)
			RebuildScriptCaches (37ms)
			SetupLoadedEditorAssemblies (254ms)
				LogAssemblyErrors (0ms)
				InitializePlatformSupportModulesInManaged (4ms)
				SetLoadedEditorAssemblies (0ms)
				RefreshPlugins (1ms)
				BeforeProcessingInitializeOnLoad (51ms)
				ProcessInitializeOnLoadAttributes (185ms)
				ProcessInitializeOnLoadMethodAttributes (8ms)
				AfterProcessingInitializeOnLoad (5ms)
				EditorAssembliesLoaded (0ms)
			ExecutionOrderSort2 (0ms)
			AwakeInstancesAfterBackupRestoration (13ms)
Platform modules already initialized, skipping
Refreshing native plugins compatible for Editor in 0.86 ms, found 4 plugins.
Preloading 0 native plugins for Editor in 0.00 ms.
Unloading 3766 Unused Serialized files (Serialized files now loaded: 0)
System memory in use before: 158.9 MB.
System memory in use after: 159.2 MB.

Unloading 20 unused Assets to reduce memory usage. Loaded Objects now: 4623.
Total: 2.458900 ms (FindLiveObjects: 0.294100 ms CreateObjectMapping: 0.207300 ms MarkObjects: 1.942300 ms  DeleteObjects: 0.014300 ms)

AssetImportParameters requested are different than current active one (requested -> active):
  custom:framework-win-MediaFoundation: 216162199b28c13a410421893ffa2e32 -> 
  custom:video-decoder-ogg-theora: a1e56fd34408186e4bbccfd4996cb3dc -> 
  custom:container-muxer-webm: aa71ff27fc2769a1b78a27578f13a17b -> 
  custom:container-demuxer-webm: 4f35f7cbe854078d1ac9338744f61a02 -> 
  custom:container-demuxer-ogg: 62fdf1f143b41e24485cea50d1cbac27 -> 
  custom:video-encoder-webm-vp8: eb34c28f22e8b96e1ab97ce403110664 -> 
  custom:video-decoder-webm-vp8: 9c59270c3fd7afecdb556c50c9e8de78 -> 
  custom:audio-decoder-ogg-vorbis: bf7c407c2cedff20999df2af8eb42d56 -> 
  custom:audio-encoder-webm-vorbis: bf7c407c2cedff20999df2af8eb42d56 -> 
========================================================================
Received Import Request.
  Time since last request: 169.119839 seconds.
  path: Assets/outer-space-163458_1280.jpg
  artifactKey: Guid(188094d230b8a6c4fb2b0396017f8319) Importer(815301076,1909f56bfc062723c751e8b465ee728b)
Start importing Assets/outer-space-163458_1280.jpg using Guid(188094d230b8a6c4fb2b0396017f8319) Importer(815301076,1909f56bfc062723c751e8b465ee728b)  -> (artifact id: '2a0b0c76de4435a73219b652c905ec33') in 0.046962 seconds 
========================================================================
Received Import Request.
  Time since last request: 254.194933 seconds.
  path: Assets/SpaceBG_Overlay.png
  artifactKey: Guid(20af3a75bb044b949a1c25bdcb8588db) Importer(815301076,1909f56bfc062723c751e8b465ee728b)
Start importing Assets/SpaceBG_Overlay.png using Guid(20af3a75bb044b949a1c25bdcb8588db) Importer(815301076,1909f56bfc062723c751e8b465ee728b)  -> (artifact id: 'd1940d89e3be344a999e0fa069d08ef1') in 0.016127 seconds 
========================================================================
Received Prepare
Registering precompiled user dll's ...
Registered in 0.004321 seconds.
Begin MonoManager ReloadAssembly
Symbol file LoadedFromMemory doesn't match image D:\Unity_Projects\TheBaseSystem\Library\PackageCache\com.unity.visualscripting@1.6.1\Editor\VisualScripting.Core\Dependencies\YamlDotNet\Unity.VisualScripting.YamlDotNet.dll
Symbol file LoadedFromMemory doesn't match image D:\Unity_Projects\TheBaseSystem\Library\PackageCache\com.unity.visualscripting@1.6.1\Editor\VisualScripting.Core\Dependencies\DotNetZip\Unity.VisualScripting.IonicZip.dll
Native extension for WindowsStandalone target not found
Refreshing native plugins compatible for Editor in 1.18 ms, found 4 plugins.
Preloading 0 native plugins for Editor in 0.00 ms.
Mono: successfully reloaded assembly
- Completed reload, in  1.165 seconds
Domain Reload Profiling:
	ReloadAssembly (1165ms)
		BeginReloadAssembly (125ms)
			ExecutionOrderSort (0ms)
			DisableScriptedObjects (9ms)
			BackupInstance (0ms)
			ReleaseScriptingObjects (0ms)
			CreateAndSetChildDomain (48ms)
		EndReloadAssembly (980ms)
			LoadAssemblies (90ms)
			RebuildTransferFunctionScriptingTraits (0ms)
			SetupTypeCache (388ms)
			ReleaseScriptCaches (1ms)
			RebuildScriptCaches (49ms)
			SetupLoadedEditorAssemblies (330ms)
				LogAssemblyErrors (0ms)
				InitializePlatformSupportModulesInManaged (5ms)
				SetLoadedEditorAssemblies (1ms)
				RefreshPlugins (1ms)
				BeforeProcessingInitializeOnLoad (63ms)
				ProcessInitializeOnLoadAttributes (243ms)
				ProcessInitializeOnLoadMethodAttributes (10ms)
				AfterProcessingInitializeOnLoad (6ms)
				EditorAssembliesLoaded (0ms)
			ExecutionOrderSort2 (0ms)
			AwakeInstancesAfterBackupRestoration (18ms)
Platform modules already initialized, skipping
Refreshing native plugins compatible for Editor in 0.77 ms, found 4 plugins.
Preloading 0 native plugins for Editor in 0.00 ms.
Unloading 3753 Unused Serialized files (Serialized files now loaded: 0)
System memory in use before: 161.3 MB.
System memory in use after: 161.6 MB.

Unloading 20 unused Assets to reduce memory usage. Loaded Objects now: 4657.
Total: 3.394500 ms (FindLiveObjects: 0.387500 ms CreateObjectMapping: 0.494100 ms MarkObjects: 2.488000 ms  DeleteObjects: 0.023800 ms)

AssetImportParameters requested are different than current active one (requested -> active):
  custom:framework-win-MediaFoundation: 216162199b28c13a410421893ffa2e32 -> 
  custom:video-decoder-ogg-theora: a1e56fd34408186e4bbccfd4996cb3dc -> 
  custom:container-muxer-webm: aa71ff27fc2769a1b78a27578f13a17b -> 
  custom:container-demuxer-webm: 4f35f7cbe854078d1ac9338744f61a02 -> 
  custom:container-demuxer-ogg: 62fdf1f143b41e24485cea50d1cbac27 -> 
  custom:video-encoder-webm-vp8: eb34c28f22e8b96e1ab97ce403110664 -> 
  custom:video-decoder-webm-vp8: 9c59270c3fd7afecdb556c50c9e8de78 -> 
  custom:audio-decoder-ogg-vorbis: bf7c407c2cedff20999df2af8eb42d56 -> 
  custom:audio-encoder-webm-vorbis: bf7c407c2cedff20999df2af8eb42d56 -> 
========================================================================
Received Prepare
Registering precompiled user dll's ...
Registered in 0.003634 seconds.
Begin MonoManager ReloadAssembly
Symbol file LoadedFromMemory doesn't match image D:\Unity_Projects\TheBaseSystem\Library\PackageCache\com.unity.visualscripting@1.6.1\Editor\VisualScripting.Core\Dependencies\YamlDotNet\Unity.VisualScripting.YamlDotNet.dll
Symbol file LoadedFromMemory doesn't match image D:\Unity_Projects\TheBaseSystem\Library\PackageCache\com.unity.visualscripting@1.6.1\Editor\VisualScripting.Core\Dependencies\DotNetZip\Unity.VisualScripting.IonicZip.dll
Native extension for WindowsStandalone target not found
Refreshing native plugins compatible for Editor in 1.86 ms, found 4 plugins.
Preloading 0 native plugins for Editor in 0.00 ms.
Mono: successfully reloaded assembly
- Completed reload, in  1.158 seconds
Domain Reload Profiling:
	ReloadAssembly (1159ms)
		BeginReloadAssembly (117ms)
			ExecutionOrderSort (0ms)
			DisableScriptedObjects (10ms)
			BackupInstance (0ms)
			ReleaseScriptingObjects (0ms)
			CreateAndSetChildDomain (40ms)
		EndReloadAssembly (978ms)
			LoadAssemblies (91ms)
			RebuildTransferFunctionScriptingTraits (0ms)
			SetupTypeCache (402ms)
			ReleaseScriptCaches (1ms)
			RebuildScriptCaches (55ms)
			SetupLoadedEditorAssemblies (302ms)
				LogAssemblyErrors (0ms)
				InitializePlatformSupportModulesInManaged (7ms)
				SetLoadedEditorAssemblies (0ms)
				RefreshPlugins (2ms)
				BeforeProcessingInitializeOnLoad (68ms)
				ProcessInitializeOnLoadAttributes (212ms)
				ProcessInitializeOnLoadMethodAttributes (8ms)
				AfterProcessingInitializeOnLoad (5ms)
				EditorAssembliesLoaded (0ms)
			ExecutionOrderSort2 (0ms)
			AwakeInstancesAfterBackupRestoration (15ms)
Platform modules already initialized, skipping
Refreshing native plugins compatible for Editor in 0.70 ms, found 4 plugins.
Preloading 0 native plugins for Editor in 0.00 ms.
Unloading 3752 Unused Serialized files (Serialized files now loaded: 0)
System memory in use before: 161.3 MB.
System memory in use after: 161.6 MB.

Unloading 20 unused Assets to reduce memory usage. Loaded Objects now: 4661.
Total: 2.818300 ms (FindLiveObjects: 0.292500 ms CreateObjectMapping: 0.164500 ms MarkObjects: 2.342900 ms  DeleteObjects: 0.017800 ms)

AssetImportParameters requested are different than current active one (requested -> active):
  custom:framework-win-MediaFoundation: 216162199b28c13a410421893ffa2e32 -> 
  custom:video-decoder-ogg-theora: a1e56fd34408186e4bbccfd4996cb3dc -> 
  custom:container-muxer-webm: aa71ff27fc2769a1b78a27578f13a17b -> 
  custom:container-demuxer-webm: 4f35f7cbe854078d1ac9338744f61a02 -> 
  custom:container-demuxer-ogg: 62fdf1f143b41e24485cea50d1cbac27 -> 
  custom:video-encoder-webm-vp8: eb34c28f22e8b96e1ab97ce403110664 -> 
  custom:video-decoder-webm-vp8: 9c59270c3fd7afecdb556c50c9e8de78 -> 
  custom:audio-decoder-ogg-vorbis: bf7c407c2cedff20999df2af8eb42d56 -> 
  custom:audio-encoder-webm-vorbis: bf7c407c2cedff20999df2af8eb42d56 -> 
========================================================================
Received Import Request.
  Time since last request: 1588.987856 seconds.
  path: Packages/com.unity.postprocessing/package.json
  artifactKey: Guid(2705889b3a9580a47b334f039bfdcb00) Importer(815301076,1909f56bfc062723c751e8b465ee728b)
Start importing Packages/com.unity.postprocessing/package.json using Guid(2705889b3a9580a47b334f039bfdcb00) Importer(815301076,1909f56bfc062723c751e8b465ee728b)  -> (artifact id: '5c22fd8067d4daea04f2452e2db367de') in 0.027188 seconds 
AssetImportWorkerClient::OnTransportError - code=2 error=End of file
